══════════════════════════════════════════════════════════════
IMPLEMENTATION RUN STARTED
Time: 2026-03-30 11:19:53
Change: multi-shiftplan
══════════════════════════════════════════════════════════════
──────────────────────────────────────────────────────────────
Task 1/43: 1.1 Create SQLite migration: `shiftplan` table (id, name, is_planning, deleted, update_timestamp, update_process, update_version)
──────────────────────────────────────────────────────────────
──────────────────────────────────────────────────────────────
Task 1/43: 1.1 Create SQLite migration: `shiftplan` table (id, name, is_planning, deleted, update_timestamp, update_process, update_version)
──────────────────────────────────────────────────────────────
──────────────────────────────────────────────────────────────
Task 1/43: 1.1 Create SQLite migration: `shiftplan` table (id, name, is_planning, deleted, update_timestamp, update_process, update_version)
──────────────────────────────────────────────────────────────
══════════════════════════════════════════════════════════════
IMPLEMENTATION RUN STARTED
Time: 2026-03-30 11:20:05
Change: multi-shiftplan
══════════════════════════════════════════════════════════════
──────────────────────────────────────────────────────────────
Task 1/43: 1.1 Create SQLite migration: `shiftplan` table (id, name, is_planning, deleted, update_timestamp, update_process, update_version)
──────────────────────────────────────────────────────────────
──────────────────────────────────────────────────────────────
Task 1/43: 1.1 Create SQLite migration: `shiftplan` table (id, name, is_planning, deleted, update_timestamp, update_process, update_version)
──────────────────────────────────────────────────────────────
──────────────────────────────────────────────────────────────
Task 1/43: 1.1 Create SQLite migration: `shiftplan` table (id, name, is_planning, deleted, update_timestamp, update_process, update_version)
──────────────────────────────────────────────────────────────
══════════════════════════════════════════════════════════════
IMPLEMENTATION RUN STARTED
Time: 2026-03-30 11:20:49
Change: multi-shiftplan
══════════════════════════════════════════════════════════════
──────────────────────────────────────────────────────────────
Task 1/43: 1.1 Create SQLite migration: `shiftplan` table (id, name, is_planning, deleted, update_timestamp, update_process, update_version)
──────────────────────────────────────────────────────────────
──────────────────────────────────────────────────────────────
Task 1/43: 1.1 Create SQLite migration: `shiftplan` table (id, name, is_planning, deleted, update_timestamp, update_process, update_version)
──────────────────────────────────────────────────────────────
──────────────────────────────────────────────────────────────
Task 1/43: 1.1 Create SQLite migration: `shiftplan` table (id, name, is_planning, deleted, update_timestamp, update_process, update_version)
──────────────────────────────────────────────────────────────
